<?xml version="1.0" encoding="UTF-8"?>
<!-- Generated by org.testng.reporters.JUnitXMLReporter -->
<testsuite hostname="DESKTOP-FJ8DJMF" ignored="1" name="Test" tests="5" failures="0" timestamp="2021-04-16T20:22:17 IST" time="0.223" errors="0">
  <testcase name="androidApp" time="0.023" classname="qaclickacademy.AppiumTest"/>
  <testcase name="browserAutomation" time="0.003" classname="qaclickacademy.SeleniumTest"/>
  <testcase name="elementsUI" time="0.002" classname="qaclickacademy.SeleniumTest"/>
  <testcase name="deleteTwitter" time="0.003" classname="qaclickacademy.RestAPITest"/>
  <testcase name="postJira" time="0.005" classname="qaclickacademy.RestAPITest"/>
  <testcase name="iosApp" time="0.0" classname="qaclickacademy.AppiumTest">
    <ignored/>
  </testcase> <!-- iosApp -->
</testsuite> <!-- Test -->
