<?xml version="1.0" encoding="UTF-8"?>
<testng-results skipped="0" failed="0" ignored="0" total="6" passed="6">
  <reporter-output>
  </reporter-output>
  <suite name="Command line suite" duration-ms="167" started-at="2021-05-02T10:31:39 IST" finished-at="2021-05-02T10:31:40 IST">
    <groups>
      <group name="oneGroup">
        <method signature="AppiumTest.iosApp()[pri:0, instance:qaclickacademy.AppiumTest@5bcab519]" name="iosApp" class="qaclickacademy.AppiumTest"/>
      </group> <!-- oneGroup -->
    </groups>
    <test name="Command line test" duration-ms="167" started-at="2021-05-02T10:31:39 IST" finished-at="2021-05-02T10:31:40 IST">
      <class name="qaclickacademy.AppiumTest">
        <test-method status="PASS" signature="androidApp()[pri:0, instance:qaclickacademy.AppiumTest@5bcab519]" name="androidApp" duration-ms="16" started-at="2021-05-02T10:31:40 IST" finished-at="2021-05-02T10:31:40 IST">
          <reporter-output>
          </reporter-output>
        </test-method> <!-- androidApp -->
        <test-method status="PASS" signature="iosApp()[pri:0, instance:qaclickacademy.AppiumTest@5bcab519]" name="iosApp" duration-ms="0" started-at="2021-05-02T10:31:40 IST" finished-at="2021-05-02T10:31:40 IST">
          <reporter-output>
          </reporter-output>
        </test-method> <!-- iosApp -->
      </class> <!-- qaclickacademy.AppiumTest -->
      <class name="qaclickacademy.RestAPITest">
        <test-method status="PASS" signature="postJira()[pri:0, instance:qaclickacademy.RestAPITest@cb644e]" name="postJira" duration-ms="0" started-at="2021-05-02T10:31:40 IST" finished-at="2021-05-02T10:31:40 IST">
          <reporter-output>
          </reporter-output>
        </test-method> <!-- postJira -->
        <test-method status="PASS" signature="deleteTwitter()[pri:0, instance:qaclickacademy.RestAPITest@cb644e]" name="deleteTwitter" duration-ms="0" started-at="2021-05-02T10:31:40 IST" finished-at="2021-05-02T10:31:40 IST">
          <reporter-output>
          </reporter-output>
        </test-method> <!-- deleteTwitter -->
      </class> <!-- qaclickacademy.RestAPITest -->
      <class name="qaclickacademy.SeleniumTest">
        <test-method status="PASS" signature="browserAutomation()[pri:0, instance:qaclickacademy.SeleniumTest@13805618]" name="browserAutomation" duration-ms="0" started-at="2021-05-02T10:31:40 IST" finished-at="2021-05-02T10:31:40 IST">
          <reporter-output>
          </reporter-output>
        </test-method> <!-- browserAutomation -->
        <test-method status="PASS" signature="elementsUI()[pri:0, instance:qaclickacademy.SeleniumTest@13805618]" name="elementsUI" duration-ms="0" started-at="2021-05-02T10:31:40 IST" finished-at="2021-05-02T10:31:40 IST">
          <reporter-output>
          </reporter-output>
        </test-method> <!-- elementsUI -->
      </class> <!-- qaclickacademy.SeleniumTest -->
    </test> <!-- Command line test -->
  </suite> <!-- Command line suite -->
</testng-results>
