<?xml version="1.0" encoding="UTF-8"?>
<testng-results skipped="0" failed="0" ignored="0" total="2" passed="2">
  <reporter-output>
  </reporter-output>
  <suite name="Default suite" duration-ms="141" started-at="2021-04-17T19:06:15 IST" finished-at="2021-04-17T19:06:15 IST">
    <groups>
    </groups>
    <test name="Default test" duration-ms="141" started-at="2021-04-17T19:06:15 IST" finished-at="2021-04-17T19:06:15 IST">
      <class name="qaclickacademy.SeleniumTest">
        <test-method status="PASS" signature="browserAutomation()[pri:0, instance:qaclickacademy.SeleniumTest@a7e666]" name="browserAutomation" duration-ms="23" started-at="2021-04-17T19:06:15 IST" finished-at="2021-04-17T19:06:15 IST">
          <reporter-output>
          </reporter-output>
        </test-method> <!-- browserAutomation -->
        <test-method status="PASS" signature="elementsUI()[pri:0, instance:qaclickacademy.SeleniumTest@a7e666]" name="elementsUI" duration-ms="3" started-at="2021-04-17T19:06:15 IST" finished-at="2021-04-17T19:06:15 IST">
          <reporter-output>
          </reporter-output>
        </test-method> <!-- elementsUI -->
      </class> <!-- qaclickacademy.SeleniumTest -->
    </test> <!-- Default test -->
  </suite> <!-- Default suite -->
</testng-results>
